> # ============================================
> # EVMflow Metrics Analysis Script (Q1-ready)
> # ============================================
> 
> library(dplyr)
> library(ggplot2)
> 
> # Set project root directory
> args <- commandArgs(trailingOnly = TRUE)
> if (length(args) > 0) {
+   project_root <- args[1]
+ } else {
+   # Default to user's known project root if no argument provided
+   project_root <- "/Users/sergio/GolandProjects/rooftop-paper"
+ }
> 
> cat("📂 Project Root:", project_root, "\n")
📂 Project Root: /Users/sergio/GolandProjects/rooftop-paper 
> 
> # -------------------------------
> # 1. Load dataset
> # -------------------------------
> df <- read.csv("/Users/sergio/GolandProjects/rooftop-paper/jump_types_analytics_dataset_1000.csv")
> 
> # -------------------------------
> # 2. Derived metrics
> # -------------------------------
> df <- df %>%
+   mutate(
+     total_resolved = jumps_resolved_static + jumps_resolved_contextual + jumps_resolved_dynamic,
+     total_unresolved = jumps_unresolved_static + jumps_unresolved_contextual + jumps_unresolved_dynamic,
+     total_jumps = total_resolved + total_unresolved,
+     
+     unresolved_ratio = ifelse(total_jumps > 0, total_unresolved / total_jumps, NA),
+     uaa_ratio = ifelse(total_jumps > 0, uaa_total / total_jumps, NA)
+   )
> 
> # -------------------------------
> # 3. Global Aggregates
> # -------------------------------
> cat("\n==== GLOBAL AGGREGATES ====\n")

==== GLOBAL AGGREGATES ====
> 
> summary_stats <- df %>%
+   summarise(
+     contracts = n(),
+     
+     total_resolved_sum = sum(total_resolved, na.rm = TRUE),
+     total_unresolved_sum = sum(total_unresolved, na.rm = TRUE),
+     total_uaa_sum = sum(uaa_total, na.rm = TRUE),
+     
+     avg_resolved = mean(total_resolved, na.rm = TRUE),
+     avg_unresolved = mean(total_unresolved, na.rm = TRUE),
+     avg_uaa = mean(uaa_total, na.rm = TRUE),
+     
+     median_uaa = median(uaa_total, na.rm = TRUE),
+     max_uaa = max(uaa_total, na.rm = TRUE),
+     
+     unresolved_ratio_mean = mean(unresolved_ratio, na.rm = TRUE),
+     unresolved_ratio_median = median(unresolved_ratio, na.rm = TRUE)
+   )
> 
> print(summary_stats)
  contracts total_resolved_sum total_unresolved_sum total_uaa_sum avg_resolved avg_unresolved  avg_uaa median_uaa max_uaa unresolved_ratio_mean
1       999             346849                 3615          3615     347.1962       3.618619 3.618619          2      50            0.00912685
  unresolved_ratio_median
1             0.006071119
> 
> # -------------------------------
> # 4. Distribution Analysis
> # -------------------------------
> cat("\n==== DISTRIBUTION ANALYSIS ====\n")

==== DISTRIBUTION ANALYSIS ====
> 
> uaa_quantiles <- quantile(df$uaa_total, probs = c(0.5, 0.75, 0.9, 0.95, 0.99), na.rm = TRUE)
> print(uaa_quantiles)
50% 75% 90% 95% 99% 
  2   5  10  15  23 
> 
> zero_uaa <- sum(df$uaa_total == 0, na.rm = TRUE)
> cat("Contracts with zero UAA:", zero_uaa, "\n")
Contracts with zero UAA: 327 
> cat("Percentage zero UAA:", zero_uaa / nrow(df), "\n")
Percentage zero UAA: 0.3273273 
> 
> # -------------------------------
> # 5. Jump Provenance Breakdown
> # -------------------------------
> cat("\n==== JUMP PROVENANCE ====\n")

==== JUMP PROVENANCE ====
> 
> prov <- df %>%
+   summarise(
+     resolved_static = sum(jumps_resolved_static),
+     resolved_contextual = sum(jumps_resolved_contextual),
+     resolved_dynamic = sum(jumps_resolved_dynamic),
+     
+     unresolved_static = sum(jumps_unresolved_static),
+     unresolved_contextual = sum(jumps_unresolved_contextual),
+     unresolved_dynamic = sum(jumps_unresolved_dynamic)
+   )
> 
> print(prov)
  resolved_static resolved_contextual resolved_dynamic unresolved_static unresolved_contextual unresolved_dynamic
1          343440                   0             3409                 0                     4               3611
> 
> # -------------------------------
> # 6. Termination Analysis
> # -------------------------------
> cat("\n==== TERMINATION REASONS ====\n")

==== TERMINATION REASONS ====
> 
> term_stats <- df %>%
+   summarise(
+     stop = sum(term_stop),
+     timeout = sum(term_timeout),
+     queue_full = sum(term_queue_full),
+     max_depth = sum(term_max_depth),
+     subsumed = sum(term_subsumed),
+     invalid_opcode = sum(term_invalid_opcode),
+     stack_underflow = sum(term_stack_underflow),
+     stack_overflow = sum(term_stack_overflow),
+     stack_out_of_bound = sum(term_stack_out_of_bound),
+     op_error = sum(term_op_error)
+   )
> 
> print(term_stats)
    stop timeout queue_full max_depth subsumed invalid_opcode stack_underflow stack_overflow stack_out_of_bound op_error
1 262563       0          0         0    59676          20764              13              0                  9       40
> 
> # -------------------------------
> # 7. Plots (publication-friendly)
> # -------------------------------
> 
> # Histogram of UAA
> ggplot(df, aes(x = uaa_total)) +
+   geom_histogram(bins = 30) +
+   ggtitle("Distribution of Under-Approximation Aborts (UAA)") +
+   xlab("UAA per contract") +
+   ylab("Frequency")
> 
> # CDF plot (stronger for papers)
> ggplot(df, aes(x = uaa_total)) +
+   stat_ecdf() +
+   ggtitle("CDF of UAA per Contract") +
+   xlab("UAA") +
+   ylab("Cumulative Probability")
> 
> # Unresolved ratio distribution
> ggplot(df, aes(x = unresolved_ratio)) +
+   geom_histogram(bins = 30) +
+   ggtitle("Unresolved Jump Ratio Distribution") +
+   xlab("Unresolved / Total Jumps") +
+   ylab("Frequency")
Warning message:
Removed 2 rows containing non-finite outside the scale range (`stat_bin()`). 
> 
> # -------------------------------
> # 8. Reviewer-Focused Summary
> # -------------------------------
> cat("\n==== REVIEWER SUMMARY ====\n")

==== REVIEWER SUMMARY ====
> 
> cat(sprintf(
+   "Average unresolved jumps per contract: %.2f (median: %.2f, max: %d)\n",
+   summary_stats$avg_unresolved,
+   summary_stats$median_uaa,
+   summary_stats$max_uaa
+ ))
Average unresolved jumps per contract: 3.62 (median: 2.00, max: 50)
> 
> cat(sprintf(
+   "Mean unresolved ratio: %.4f (median: %.4f)\n",
+   summary_stats$unresolved_ratio_mean,
+   summary_stats$unresolved_ratio_median
+ ))
Mean unresolved ratio: 0.0091 (median: 0.0061)
> 
> cat(sprintf(
+   "%.2f%% of contracts have zero unresolved jumps\n",
+   (zero_uaa / nrow(df)) * 100
+ ))
32.73% of contracts have zero unresolved jumps
> 
> cat("Conclusion: Under-approximation introduces minimal structural loss while preserving high precision.\n")
Conclusion: Under-approximation introduces minimal structural loss while preserving high precision.
> 